\BOOKMARK [0][-]{chapter.1}{Einleitung}{}% 1
\BOOKMARK [0][-]{chapter.2}{Advice Complexity}{}% 2
\BOOKMARK [1][-]{section.2.1}{Online- vs. Offline-Probleme}{chapter.2}% 3
\BOOKMARK [1][-]{section.2.2}{Competitive Ratio}{chapter.2}% 4
\BOOKMARK [1][-]{section.2.3}{Das SkiRental-Problem}{chapter.2}% 5
\BOOKMARK [1][-]{section.2.4}{Das Orakel}{chapter.2}% 6
\BOOKMARK [0][-]{chapter.3}{Bipartite Graphen}{}% 7
\BOOKMARK [1][-]{section.3.1}{Zellul\344re Automaten}{chapter.3}% 8
\BOOKMARK [1][-]{section.3.2}{Vom zellul\344ren Automaten zur Differentialgleichung}{chapter.3}% 9
\BOOKMARK [1][-]{section.3.3}{Numerische L\366sung von Differentialgleichungen}{chapter.3}% 10
\BOOKMARK [2][-]{subsection.3.3.1}{Differenzierung nach dem Ort}{section.3.3}% 11
\BOOKMARK [2][-]{subsection.3.3.2}{Integration nach der Zeit mit Einschrittverfahren}{section.3.3}% 12
\BOOKMARK [2][-]{subsection.3.3.3}{Die homogene Wellengleichung}{section.3.3}% 13
\BOOKMARK [0][-]{chapter.4}{Bemerkungen zur Implementation}{}% 14
\BOOKMARK [1][-]{section.4.1}{Wahl des Umfelds}{chapter.4}% 15
\BOOKMARK [1][-]{section.4.2}{Implementatorische Paradigmen}{chapter.4}% 16
\BOOKMARK [1][-]{section.4.3}{Architektur}{chapter.4}% 17
\BOOKMARK [1][-]{section.4.4}{Testing}{chapter.4}% 18
\BOOKMARK [1][-]{section.4.5}{Automata}{chapter.4}% 19
\BOOKMARK [1][-]{section.4.6}{Integration}{chapter.4}% 20
\BOOKMARK [1][-]{section.4.7}{Tusks, Regen, Enten und andere obskure Objekte}{chapter.4}% 21
\BOOKMARK [2][-]{subsection.4.7.1}{Zellzust\344nde und Pools}{section.4.7}% 22
\BOOKMARK [2][-]{subsection.4.7.2}{Swimmers}{section.4.7}% 23
\BOOKMARK [2][-]{subsection.4.7.3}{Events}{section.4.7}% 24
\BOOKMARK [1][-]{section.4.8}{View}{chapter.4}% 25
\BOOKMARK [2][-]{subsection.4.8.1}{Pool Canvas Painting}{section.4.8}% 26
\BOOKMARK [2][-]{subsection.4.8.2}{Strategie, Strategie, Strategie...}{section.4.8}% 27
\BOOKMARK [0][-]{chapter.5}{Schlussfolgerung}{}% 28
\BOOKMARK [1][-]{section.5.1}{Erweiterungsm\366glichkeiten}{chapter.5}% 29
\BOOKMARK [1][-]{section.5.2}{Caveats}{chapter.5}% 30
\BOOKMARK [1][-]{section.5.3}{Fazit}{chapter.5}% 31
\BOOKMARK [0][-]{chapter*.11}{Literaturverzeichnis}{}% 32
\BOOKMARK [0][-]{appendix.A}{Projektdurchf\374hrung}{}% 33
\BOOKMARK [1][-]{section.A.1}{Iteration \0431 \(20. M\344rz\2054. April\)}{appendix.A}% 34
\BOOKMARK [1][-]{section.A.2}{Iteration \0432 \(5. April\20530. April\)}{appendix.A}% 35
\BOOKMARK [1][-]{section.A.3}{Iteration \0433 \(1. Mai\20530. Mai\)}{appendix.A}% 36
\BOOKMARK [1][-]{section.A.4}{Iteration \0434 \(1. Juni\20515. Juni\)}{appendix.A}% 37
